--- Startup times for process: Primary (or UI client) ---

times in msec
 clock   self+sourced   self:  sourced script
 clock   elapsed:              other lines

000.000  000.000: --- NVIM STARTING ---
000.072  000.071: event init
000.155  000.084: early init
000.408  000.253: locale set
000.435  000.027: init first window
000.700  000.265: inits 1
000.704  000.004: window checked
000.705  000.001: parsing arguments
000.978  000.023  000.023: require('vim.shared')
001.013  000.014  000.014: require('vim.inspect')
001.030  000.013  000.013: require('vim._options')
001.030  000.052  000.024: require('vim._editor')
001.031  000.092  000.017: require('vim._init_packages')
001.032  000.235: init lua interpreter
003.626  002.594: nvim_ui_attach
003.782  000.157: nvim_set_client_info
003.783  000.001: --- NVIM STARTED ---

--- Startup times for process: Embedded ---

times in msec
 clock   self+sourced   self:  sourced script
 clock   elapsed:              other lines

000.000  000.000: --- NVIM STARTING ---
000.051  000.051: event init
000.139  000.088: early init
000.343  000.204: locale set
000.358  000.015: init first window
000.543  000.185: inits 1
000.551  000.008: window checked
000.552  000.001: parsing arguments
000.747  000.017  000.017: require('vim.shared')
000.780  000.013  000.013: require('vim.inspect')
000.796  000.013  000.013: require('vim._options')
000.797  000.049  000.024: require('vim._editor')
000.798  000.079  000.013: require('vim._init_packages')
000.799  000.168: init lua interpreter
002.514  001.715: expanding arguments
002.522  000.008: inits 2
002.658  000.136: init highlight
002.658  000.001: waiting for UI
002.730  000.071: done waiting for UI
002.731  000.002: clear screen
002.801  000.006  000.006: require('vim.keymap')
003.294  000.093  000.093: sourcing nvim_exec2()
003.393  000.660  000.560: require('vim._defaults')
003.394  000.002: init default mappings & autocommands
003.823  000.032  000.032: sourcing /opt/homebrew/Cellar/neovim/0.11.6/share/nvim/runtime/ftplugin.vim
003.879  000.014  000.014: sourcing /opt/homebrew/Cellar/neovim/0.11.6/share/nvim/runtime/indent.vim
004.373  000.021  000.021: sourcing nvim_exec2() called at /opt/homebrew/Cellar/neovim/0.11.6/share/nvim/runtime/filetype.lua:0
004.375  000.079  000.059: sourcing /opt/homebrew/Cellar/neovim/0.11.6/share/nvim/runtime/filetype.lua
004.442  000.031  000.031: sourcing /opt/homebrew/Cellar/neovim/0.11.6/share/nvim/runtime/filetype.lua
004.481  000.005  000.005: sourcing /opt/homebrew/Cellar/neovim/0.11.6/share/nvim/runtime/ftplugin.vim
004.502  000.519  000.404: require('config.options')
004.590  000.087  000.087: require('config.neovide')
004.699  000.022  000.022: require('vim.fs')
004.836  000.135  000.135: require('vim.uri')
004.854  000.189  000.031: require('vim.loader')
005.375  000.470  000.470: require('lazy')
005.388  000.007  000.007: require('ffi')
005.498  000.108  000.108: require('lazy.stats')
005.634  000.103  000.103: require('lazy.core.util')
005.743  000.108  000.108: require('lazy.core.config')
005.924  000.085  000.085: require('lazy.core.handler')
006.262  000.108  000.108: require('lazy.pkg')
006.264  000.254  000.146: require('lazy.core.meta')
006.269  000.344  000.090: require('lazy.core.plugin')
006.273  000.530  000.101: require('lazy.core.loader')
006.468  000.082  000.082: require('lazy.core.fragments')
008.523  000.107  000.107: require('plugin-config.snacks')
009.511  000.065  000.065: require('lazy.core.handler.event')
009.512  000.127  000.062: require('lazy.core.handler.ft')
009.616  000.102  000.102: require('lazy.core.handler.keys')
009.681  000.063  000.063: require('lazy.core.handler.cmd')
009.780  000.007  000.007: sourcing nvim_exec2() called at /Users/franciscowu/.config/nvim/init.lua:0
009.799  000.001  000.001: sourcing nvim_exec2() called at /Users/franciscowu/.config/nvim/init.lua:0
010.004  000.189  000.189: require('config.keymaps')
010.584  000.002  000.002: sourcing nvim_exec2() called at /Users/franciscowu/.config/nvim/init.lua:0
010.715  000.010  000.010: sourcing /Users/franciscowu/.local/share/nvim/lazy/log-highlight.nvim/ftdetect/log.vim
010.717  000.073  000.063: sourcing nvim_exec2() called at /Users/franciscowu/.config/nvim/init.lua:0
010.722  000.001  000.001: sourcing nvim_exec2() called at /Users/franciscowu/.config/nvim/init.lua:0
011.411  000.001  000.001: sourcing nvim_exec2() called at /Users/franciscowu/.config/nvim/init.lua:0
011.421  000.001  000.001: sourcing nvim_exec2() called at /Users/franciscowu/.config/nvim/init.lua:0
011.614  000.001  000.001: sourcing nvim_exec2() called at /Users/franciscowu/.config/nvim/init.lua:0
011.620  000.000  000.000: sourcing nvim_exec2() called at /Users/franciscowu/.config/nvim/init.lua:0
011.658  000.001  000.001: sourcing nvim_exec2() called at /Users/franciscowu/.config/nvim/init.lua:0
011.663  000.000  000.000: sourcing nvim_exec2() called at /Users/franciscowu/.config/nvim/init.lua:0
011.758  000.001  000.001: sourcing nvim_exec2() called at /Users/franciscowu/.config/nvim/init.lua:0
011.762  000.000  000.000: sourcing nvim_exec2() called at /Users/franciscowu/.config/nvim/init.lua:0
011.783  000.000  000.000: sourcing nvim_exec2() called at /Users/franciscowu/.config/nvim/init.lua:0
011.787  000.000  000.000: sourcing nvim_exec2() called at /Users/franciscowu/.config/nvim/init.lua:0
011.817  000.000  000.000: sourcing nvim_exec2() called at /Users/franciscowu/.config/nvim/init.lua:0
011.837  000.000  000.000: sourcing nvim_exec2() called at /Users/franciscowu/.config/nvim/init.lua:0
012.245  000.094  000.094: sourcing /opt/homebrew/Cellar/neovim/0.11.6/share/nvim/runtime/filetype.lua
012.246  000.135  000.041: sourcing nvim_exec2() called at /Users/franciscowu/.config/nvim/init.lua:0
013.180  000.405  000.405: require('snacks')
013.181  000.447  000.042: sourcing /Users/franciscowu/.local/share/nvim/lazy/snacks.nvim/plugin/snacks.lua
013.183  000.486  000.038: sourcing nvim_exec2() called at /Users/franciscowu/.config/nvim/init.lua:0
013.185  000.001  000.001: sourcing nvim_exec2() called at /Users/franciscowu/.config/nvim/init.lua:0
013.191  000.000  000.000: sourcing nvim_exec2() called at /Users/franciscowu/.config/nvim/init.lua:0
013.278  000.001  000.001: sourcing nvim_exec2() called at /Users/franciscowu/.config/nvim/init.lua:0
013.287  000.001  000.001: sourcing nvim_exec2() called at /Users/franciscowu/.config/nvim/init.lua:0
014.271  000.340  000.340: require('zephyr')
014.271  000.410  000.070: sourcing /Users/franciscowu/.local/share/nvim/lazy/zephyr-nvim/colors/zephyr.lua
014.386  000.001  000.001: sourcing nvim_exec2() called at /Users/franciscowu/.config/nvim/init.lua:0
014.392  000.000  000.000: sourcing nvim_exec2() called at /Users/franciscowu/.config/nvim/init.lua:0
014.464  000.068  000.068: require('plugin-config.auto-session')
014.927  000.086  000.086: require('auto-session.config')
014.928  000.138  000.052: require('auto-session.logger')
014.949  000.238  000.100: require('auto-session.lib')
014.954  000.487  000.250: require('auto-session')
015.353  000.114  000.114: require('auto-session.autocmds')
015.482  000.105  000.105: require('auto-session.pickers.telescope')
015.663  000.045  000.045: sourcing /opt/homebrew/Cellar/neovim/0.11.6/share/nvim/runtime/plugin/editorconfig.lua
015.665  000.092  000.047: sourcing nvim_exec2() called at /Users/franciscowu/.config/nvim/init.lua:0
015.783  000.079  000.079: sourcing /opt/homebrew/Cellar/neovim/0.11.6/share/nvim/runtime/plugin/man.lua
015.784  000.117  000.038: sourcing nvim_exec2() called at /Users/franciscowu/.config/nvim/init.lua:0
016.006  000.003  000.003: require('vim.F')
016.223  000.095  000.095: sourcing /opt/homebrew/Cellar/neovim/0.11.6/share/nvim/runtime/pack/dist/opt/matchit/plugin/matchit.vim
016.231  000.400  000.302: sourcing /opt/homebrew/Cellar/neovim/0.11.6/share/nvim/runtime/plugin/matchit.vim
016.233  000.447  000.047: sourcing nvim_exec2() called at /Users/franciscowu/.config/nvim/init.lua:0
016.327  000.058  000.058: sourcing /opt/homebrew/Cellar/neovim/0.11.6/share/nvim/runtime/plugin/matchparen.vim
016.329  000.094  000.036: sourcing nvim_exec2() called at /Users/franciscowu/.config/nvim/init.lua:0
016.723  000.098  000.098: sourcing /opt/homebrew/Cellar/neovim/0.11.6/share/nvim/runtime/pack/dist/opt/netrw/plugin/netrwPlugin.vim
016.731  000.369  000.271: sourcing /opt/homebrew/Cellar/neovim/0.11.6/share/nvim/runtime/plugin/netrwPlugin.vim
016.732  000.400  000.031: sourcing nvim_exec2() called at /Users/franciscowu/.config/nvim/init.lua:0
016.829  000.058  000.058: sourcing /opt/homebrew/Cellar/neovim/0.11.6/share/nvim/runtime/plugin/osc52.lua
016.831  000.096  000.038: sourcing nvim_exec2() called at /Users/franciscowu/.config/nvim/init.lua:0
016.991  000.004  000.004: sourcing /Users/franciscowu/.local/share/nvim/rplugin.vim
016.994  000.126  000.123: sourcing /opt/homebrew/Cellar/neovim/0.11.6/share/nvim/runtime/plugin/rplugin.vim
016.997  000.163  000.037: sourcing nvim_exec2() called at /Users/franciscowu/.config/nvim/init.lua:0
017.087  000.023  000.023: sourcing /opt/homebrew/Cellar/neovim/0.11.6/share/nvim/runtime/plugin/shada.vim
017.088  000.061  000.038: sourcing nvim_exec2() called at /Users/franciscowu/.config/nvim/init.lua:0
017.173  000.007  000.007: sourcing /opt/homebrew/Cellar/neovim/0.11.6/share/nvim/runtime/plugin/spellfile.vim
017.174  000.083  000.076: sourcing nvim_exec2() called at /Users/franciscowu/.config/nvim/init.lua:0
017.213  012.622  006.985: require('config.lazy')
017.216  013.268  000.039: sourcing /Users/franciscowu/.config/nvim/init.lua
017.222  000.514: sourcing vimrc file(s)
017.432  000.025  000.025: sourcing /opt/homebrew/Cellar/neovim/0.11.6/share/nvim/runtime/syntax/synload.vim
017.476  000.208  000.183: sourcing /opt/homebrew/Cellar/neovim/0.11.6/share/nvim/runtime/syntax/syntax.vim
017.482  000.051: inits 3
019.598  002.116: reading ShaDa
019.645  000.048: opening buffers
019.660  000.014: BufEnter autocommands
019.661  000.001: editing files in windows
019.688  000.027: --- NVIM STARTED ---

