--- Startup times for process: Primary (or UI client) ---

times in msec
 clock   self+sourced   self:  sourced script
 clock   elapsed:              other lines

000.000  000.000: --- NVIM STARTING ---
000.111  000.111: event init
000.321  000.210: early init
000.863  000.542: locale set
000.899  000.036: init first window
001.641  000.742: inits 1
001.647  000.006: window checked
001.649  000.002: parsing arguments
002.210  000.030  000.030: require('vim.shared')
002.273  000.026  000.026: require('vim.inspect')
002.302  000.024  000.024: require('vim._options')
002.305  000.093  000.043: require('vim._editor')
002.306  000.144  000.021: require('vim._init_packages')
002.307  000.514: init lua interpreter
005.490  003.183: nvim_ui_attach
005.733  000.243: nvim_set_client_info
005.735  000.001: --- NVIM STARTED ---

--- Startup times for process: Embedded ---

times in msec
 clock   self+sourced   self:  sourced script
 clock   elapsed:              other lines

000.000  000.000: --- NVIM STARTING ---
000.080  000.080: event init
000.184  000.103: early init
000.505  000.322: locale set
000.535  000.030: init first window
000.862  000.327: inits 1
000.876  000.015: window checked
000.878  000.002: parsing arguments
001.224  000.028  000.028: require('vim.shared')
001.282  000.023  000.023: require('vim.inspect')
001.309  000.022  000.022: require('vim._options')
001.311  000.085  000.040: require('vim._editor')
001.312  000.136  000.023: require('vim._init_packages')
001.313  000.299: init lua interpreter
003.468  002.154: expanding arguments
003.483  000.015: inits 2
003.674  000.191: init highlight
003.675  000.001: waiting for UI
003.774  000.099: done waiting for UI
003.777  000.003: clear screen
003.880  000.007  000.007: require('vim.keymap')
004.595  000.141  000.141: sourcing nvim_exec2()
004.742  000.962  000.813: require('vim._defaults')
004.743  000.004: init default mappings & autocommands
006.994  000.318  000.318: sourcing /opt/homebrew/Cellar/neovim/0.11.6/share/nvim/runtime/ftplugin.vim
007.376  000.202  000.202: sourcing /opt/homebrew/Cellar/neovim/0.11.6/share/nvim/runtime/indent.vim
008.805  000.031  000.031: sourcing nvim_exec2() called at /opt/homebrew/Cellar/neovim/0.11.6/share/nvim/runtime/filetype.lua:0
008.807  000.341  000.310: sourcing /opt/homebrew/Cellar/neovim/0.11.6/share/nvim/runtime/filetype.lua
008.901  000.043  000.043: sourcing /opt/homebrew/Cellar/neovim/0.11.6/share/nvim/runtime/filetype.lua
008.949  000.007  000.007: sourcing /opt/homebrew/Cellar/neovim/0.11.6/share/nvim/runtime/ftplugin.vim
008.969  001.218  000.827: require('config.options')
009.505  000.535  000.535: require('config.neovide')
010.973  001.084  001.084: require('lazy')
011.018  000.030  000.030: require('ffi')
011.054  000.023  000.023: require('vim.fs')
011.608  000.552  000.552: require('vim.uri')
011.616  000.597  000.023: require('vim.loader')
012.333  000.697  000.697: require('lazy.stats')
013.020  000.650  000.650: require('lazy.core.util')
013.684  000.662  000.662: require('lazy.core.config')
014.697  000.502  000.502: require('lazy.core.handler')
015.798  000.381  000.381: require('lazy.pkg')
015.801  000.749  000.368: require('lazy.core.meta')
015.807  001.109  000.360: require('lazy.core.plugin')
015.814  002.128  000.516: require('lazy.core.loader')
016.270  000.343  000.343: require('lazy.core.fragments')
022.419  000.531  000.531: require('plugin-config.snacks')
024.427  000.352  000.352: require('lazy.core.handler.keys')
024.733  000.303  000.303: require('lazy.core.handler.cmd')
025.239  000.275  000.275: require('lazy.core.handler.event')
025.241  000.500  000.225: require('lazy.core.handler.ft')
025.330  000.005  000.005: sourcing nvim_exec2() called at /Users/franciscowu/.config/nvim/init.lua:0
025.443  000.001  000.001: sourcing nvim_exec2() called at /Users/franciscowu/.config/nvim/init.lua:0
025.991  000.514  000.514: require('config.keymaps')
028.145  000.001  000.001: sourcing nvim_exec2() called at /Users/franciscowu/.config/nvim/init.lua:0
028.386  000.001  000.001: sourcing nvim_exec2() called at /Users/franciscowu/.config/nvim/init.lua:0
028.423  000.001  000.001: sourcing nvim_exec2() called at /Users/franciscowu/.config/nvim/init.lua:0
028.531  000.001  000.001: sourcing nvim_exec2() called at /Users/franciscowu/.config/nvim/init.lua:0
028.546  000.001  000.001: sourcing nvim_exec2() called at /Users/franciscowu/.config/nvim/init.lua:0
028.657  000.001  000.001: sourcing nvim_exec2() called at /Users/franciscowu/.config/nvim/init.lua:0
028.759  000.001  000.001: sourcing nvim_exec2() called at /Users/franciscowu/.config/nvim/init.lua:0
029.481  000.222  000.222: sourcing /Users/franciscowu/.local/share/nvim/lazy/log-highlight.nvim/ftdetect/log.vim
029.483  000.364  000.142: sourcing nvim_exec2() called at /Users/franciscowu/.config/nvim/init.lua:0
029.486  000.001  000.001: sourcing nvim_exec2() called at /Users/franciscowu/.config/nvim/init.lua:0
030.080  000.001  000.001: sourcing nvim_exec2() called at /Users/franciscowu/.config/nvim/init.lua:0
030.237  000.001  000.001: sourcing nvim_exec2() called at /Users/franciscowu/.config/nvim/init.lua:0
030.613  000.001  000.001: sourcing nvim_exec2() called at /Users/franciscowu/.config/nvim/init.lua:0
030.621  000.001  000.001: sourcing nvim_exec2() called at /Users/franciscowu/.config/nvim/init.lua:0
030.846  000.001  000.001: sourcing nvim_exec2() called at /Users/franciscowu/.config/nvim/init.lua:0
030.998  000.001  000.001: sourcing nvim_exec2() called at /Users/franciscowu/.config/nvim/init.lua:0
031.865  000.697  000.697: sourcing /opt/homebrew/Cellar/neovim/0.11.6/share/nvim/runtime/filetype.lua
031.868  000.741  000.043: sourcing nvim_exec2() called at /Users/franciscowu/.config/nvim/init.lua:0
032.067  000.001  000.001: sourcing nvim_exec2() called at /Users/franciscowu/.config/nvim/init.lua:0
032.242  000.001  000.001: sourcing nvim_exec2() called at /Users/franciscowu/.config/nvim/init.lua:0
036.174  001.483  001.483: require('zephyr')
036.176  001.825  000.342: sourcing /Users/franciscowu/.local/share/nvim/lazy/zephyr-nvim/colors/zephyr.lua
038.134  000.784  000.784: require('snacks')
038.135  001.089  000.305: sourcing /Users/franciscowu/.local/share/nvim/lazy/snacks.nvim/plugin/snacks.lua
038.137  001.264  000.175: sourcing nvim_exec2() called at /Users/franciscowu/.config/nvim/init.lua:0
038.152  000.001  000.001: sourcing nvim_exec2() called at /Users/franciscowu/.config/nvim/init.lua:0
038.159  000.001  000.001: sourcing nvim_exec2() called at /Users/franciscowu/.config/nvim/init.lua:0
038.477  000.003  000.003: sourcing nvim_exec2() called at /Users/franciscowu/.config/nvim/init.lua:0
038.540  000.001  000.001: sourcing nvim_exec2() called at /Users/franciscowu/.config/nvim/init.lua:0
039.661  001.118  001.118: require('plugin-config.auto-session')
041.643  000.296  000.296: require('auto-session.config')
041.645  000.678  000.382: require('auto-session.logger')
041.660  001.062  000.384: require('auto-session.lib')
041.666  002.000  000.938: require('auto-session')
042.602  000.342  000.342: require('auto-session.autocmds')
043.048  000.400  000.400: require('auto-session.pickers.telescope')
043.753  000.346  000.346: sourcing /opt/homebrew/Cellar/neovim/0.11.6/share/nvim/runtime/plugin/editorconfig.lua
043.756  000.513  000.167: sourcing nvim_exec2() called at /Users/franciscowu/.config/nvim/init.lua:0
044.211  000.331  000.331: sourcing /opt/homebrew/Cellar/neovim/0.11.6/share/nvim/runtime/plugin/man.lua
044.213  000.454  000.123: sourcing nvim_exec2() called at /Users/franciscowu/.config/nvim/init.lua:0
044.694  000.005  000.005: require('vim.F')
045.366  000.267  000.267: sourcing /opt/homebrew/Cellar/neovim/0.11.6/share/nvim/runtime/pack/dist/opt/matchit/plugin/matchit.vim
045.379  000.973  000.701: sourcing /opt/homebrew/Cellar/neovim/0.11.6/share/nvim/runtime/plugin/matchit.vim
045.381  001.165  000.193: sourcing nvim_exec2() called at /Users/franciscowu/.config/nvim/init.lua:0
045.753  000.229  000.229: sourcing /opt/homebrew/Cellar/neovim/0.11.6/share/nvim/runtime/plugin/matchparen.vim
045.754  000.370  000.141: sourcing nvim_exec2() called at /Users/franciscowu/.config/nvim/init.lua:0
047.386  000.282  000.282: sourcing /opt/homebrew/Cellar/neovim/0.11.6/share/nvim/runtime/pack/dist/opt/netrw/plugin/netrwPlugin.vim
047.397  001.263  000.981: sourcing /opt/homebrew/Cellar/neovim/0.11.6/share/nvim/runtime/plugin/netrwPlugin.vim
047.398  001.641  000.378: sourcing nvim_exec2() called at /Users/franciscowu/.config/nvim/init.lua:0
047.760  000.190  000.190: sourcing /opt/homebrew/Cellar/neovim/0.11.6/share/nvim/runtime/plugin/osc52.lua
047.762  000.352  000.162: sourcing nvim_exec2() called at /Users/franciscowu/.config/nvim/init.lua:0
049.255  000.235  000.235: sourcing /Users/franciscowu/.local/share/nvim/rplugin.vim
049.259  000.677  000.442: sourcing /opt/homebrew/Cellar/neovim/0.11.6/share/nvim/runtime/plugin/rplugin.vim
049.260  001.495  000.818: sourcing nvim_exec2() called at /Users/franciscowu/.config/nvim/init.lua:0
049.547  000.130  000.130: sourcing /opt/homebrew/Cellar/neovim/0.11.6/share/nvim/runtime/plugin/shada.vim
049.549  000.265  000.135: sourcing nvim_exec2() called at /Users/franciscowu/.config/nvim/init.lua:0
049.770  000.106  000.106: sourcing /opt/homebrew/Cellar/neovim/0.11.6/share/nvim/runtime/plugin/spellfile.vim
049.772  000.220  000.114: sourcing nvim_exec2() called at /Users/franciscowu/.config/nvim/init.lua:0
049.865  040.358  017.414: require('config.lazy')
049.867  042.288  000.176: sourcing /Users/franciscowu/.config/nvim/init.lua
049.873  002.323: sourcing vimrc file(s)
050.770  000.247  000.247: sourcing /opt/homebrew/Cellar/neovim/0.11.6/share/nvim/runtime/syntax/synload.vim
050.822  000.827  000.580: sourcing /opt/homebrew/Cellar/neovim/0.11.6/share/nvim/runtime/syntax/syntax.vim
050.828  000.128: inits 3
053.729  002.900: reading ShaDa
053.778  000.049: opening buffers
053.792  000.014: BufEnter autocommands
053.793  000.001: editing files in windows
053.810  000.017: --- NVIM STARTED ---

